C51 COMPILER V9.51   PART2_3                                                               03/03/2013 20:36:24 PAGE 1   


C51 COMPILER V9.51, COMPILATION OF MODULE PART2_3
OBJECT MODULE PLACED IN part2_3.OBJ
COMPILER INVOKED BY: C:\Keil\C51\BIN\C51.EXE part2_3.c BROWSE DEBUG OBJECTEXTEND TABS(2)

line level    source

   1          //第一个灯闪
   2          #include <reg52.h>
   3          #define uint unsigned int
   4          sbit led1=P1^0;
   5          uint i,j;
   6          void main()
   7          {
   8   1        while(1)
   9   1        {
  10   2          led1=0;
  11   2          for (i=1000;i>0;i--)
  12   2          for (j=110;j>0;j--);
  13   2          led1=1;
  14   2          for (i=1000;i>0;i--)
  15   2          for (j=110;j>0;j--);
  16   2        }
  17   1      }


MODULE INFORMATION:   STATIC OVERLAYABLE
   CODE SIZE        =     91    ----
   CONSTANT SIZE    =   ----    ----
   XDATA SIZE       =   ----    ----
   PDATA SIZE       =   ----    ----
   DATA SIZE        =      4    ----
   IDATA SIZE       =   ----    ----
   BIT SIZE         =   ----    ----
END OF MODULE INFORMATION.


C51 COMPILATION COMPLETE.  0 WARNING(S),  0 ERROR(S)
