C51 COMPILER V9.51   PART2_1_5                                                             03/06/2013 23:49:58 PAGE 1   


C51 COMPILER V9.51, COMPILATION OF MODULE PART2_1_5
OBJECT MODULE PLACED IN part2.1_5.OBJ
COMPILER INVOKED BY: C:\Keil\C51\BIN\C51.EXE part2.1_5.c BROWSE DEBUG OBJECTEXTEND TABS(2)

line level    source

   1          /*Áî®ÂÆöÊó∂Âô®0ÁöÑÊñπÂºè1ÂÆûÁé∞Á¨¨‰∏Ä‰∏™ÂèëÂÖâÁÆ°‰ª•200msÈó¥ÈöîÈó™ÁÉÅÔºåÁî®ÂÆöÊó∂Âô®1ÁöÑÊñπÂºè1ÂÆûÁé∞Êï∞Á†
             -ÅÁÆ°Ââç‰∏§‰Ωç59SÂæ™ÁéØËÆ°Êó∂„ÄÇ*/
   2          #include <reg52.h>
   3          #define uchar unsigned char
   4          #define uint unsigned int
   5          sbit dula=P2^6;
   6          sbit wela=P2^7;
   7          sbit led1=P1^0;
   8          uchar H0=(65536-45872)/256;
   9          uchar L0=(65536-45872)%256;
  10          uchar code table[]={
  11            0x3f,0x06,0x5b,0x4f,
  12            0x66,0x6d,0x7d,0x07,
  13            0x7f,0x6f,0x77,0x7c,
  14            0x39,0x5e,0x79,0x71
  15          };
  16          void delayms(uint);
  17          void display(uchar,uchar);
  18          uchar num,num1,num2,shi,ge;
  19          void main()
  20          {
  21   1        TMOD=0x11; // 0001 0001  ÂÆöÊó∂Âô®0Âíå 1 ÁöÑÂ∑•‰ΩúÊñπÂºè‰∏∫1
  22   1        TH0=H0;
  23   1        TL0=L0;
  24   1        TH1=TH0;
  25   1        TL1=TL0;
  26   1        
  27   1        EA=1; //ÂºÄÊÄª‰∏≠Êñ≠
  28   1        ET0=1;//ÂºÄÂÆöÊó∂Âô®0
  29   1        ET1=1;//ÂºÄÂÆöÊó∂Âô®1
  30   1        TR0=1;//ÂÆöÊó∂Âô®0ÂêØÂä®
  31   1        TR1=1;//ÂÆöÊó∂Âô®1ÂêØÂä®
  32   1          dula=1;
  33   1        P0=0xed;
  34   1        dula=0;
  35   1        P0=0xff;
  36   1        wela=1;
  37   1        P0=0xfb;  //1111 1011
  38   1        wela=0;
  39   1        delayms(5);
  40   1        while (1)
  41   1        {
  42   2          display(shi,ge);
  43   2         }
  44   1        
  45   1      }
  46          
  47          void delayms(uint xms)
  48          {
  49   1        uint i,j;
  50   1        for (i=xms;i>0;i--)
  51   1        for (j=110;j>0;j--);
  52   1      }
  53          
  54          void T0_time() interrupt 1  //ÂÆöÊó∂Âô®0
C51 COMPILER V9.51   PART2_1_5                                                             03/06/2013 23:49:58 PAGE 2   

  55          {
  56   1        TH0=H0;
  57   1        TL0=L0;
  58   1        num1++;
  59   1        if (num1==4)
  60   1        {
  61   2          num1=0;
  62   2          led1=~led1;
  63   2      }
  64   1      }
  65          
  66          void T1_time() interrupt 3
  67          {
  68   1        TH1=H0;
  69   1        TL1=L0;
  70   1        num2++;
  71   1        if (num2==20)
  72   1        {
  73   2          num2=0;
  74   2          num++;
  75   2          if (num==60)
  76   2            num=0;
  77   2          shi=num/10;
  78   2          ge=num%10;
  79   2          
  80   2        }
  81   1      }
  82          
  83          void display(uchar shi,uchar ge)
  84          {
  85   1        dula=1;
  86   1        P0=table[shi];
  87   1        dula=0;
  88   1        P0=0xff;
  89   1        wela=1;
  90   1        P0=0xfe;  //1111 1110
  91   1        wela=0;
  92   1        delayms(5);
  93   1        
  94   1        
  95   1        
  96   1        dula=1;
  97   1        P0=table[ge];
  98   1        dula=0;
  99   1        P0=0xff;
 100   1        wela=1;
 101   1        P0=0xfd;  //1111 1101
 102   1        wela=0;
 103   1        delayms(5);
 104   1        
 105   1      
 106   1        
 107   1      }


MODULE INFORMATION:   STATIC OVERLAYABLE
   CODE SIZE        =    220    ----
   CONSTANT SIZE    =     16    ----
   XDATA SIZE       =   ----    ----
   PDATA SIZE       =   ----    ----
   DATA SIZE        =      7    ----
   IDATA SIZE       =   ----    ----
C51 COMPILER V9.51   PART2_1_5                                                             03/06/2013 23:49:58 PAGE 3   

   BIT SIZE         =   ----    ----
END OF MODULE INFORMATION.


C51 COMPILATION COMPLETE.  0 WARNING(S),  0 ERROR(S)
