C51 COMPILER V9.51   PART2_6                                                               03/04/2013 21:41:57 PAGE 1   


C51 COMPILER V9.51, COMPILATION OF MODULE PART2_6
OBJECT MODULE PLACED IN part2_6.OBJ
COMPILER INVOKED BY: C:\Keil\C51\BIN\C51.EXE part2_6.c BROWSE DEBUG OBJECTEXTEND TABS(2)

line level    source

   1          #include <reg52.h>
   2          #include <intrins.h>
   3          #define uint unsigned int
   4          #define uchar unsigned char
   5          void delayms(uint);
   6          uchar aa;
   7          
   8          void main()
   9          {
  10   1        aa=0xfe; //11111110
  11   1        while (1)
  12   1        {
  13   2          P1=aa;
  14   2          delayms(500);
  15   2          aa=_crol_(aa,1);
  16   2          }
  17   1      }
  18          
  19          void delayms(uint xms)
  20          {
  21   1        uint i,j;
  22   1        for (i=xms;i>0;i--)
  23   1        for (j=110;j>0;j--);
  24   1      }


MODULE INFORMATION:   STATIC OVERLAYABLE
   CODE SIZE        =     58    ----
   CONSTANT SIZE    =   ----    ----
   XDATA SIZE       =   ----    ----
   PDATA SIZE       =   ----    ----
   DATA SIZE        =      1    ----
   IDATA SIZE       =   ----    ----
   BIT SIZE         =   ----    ----
END OF MODULE INFORMATION.


C51 COMPILATION COMPLETE.  0 WARNING(S),  0 ERROR(S)
