C51 COMPILER V9.51   PART2_2_1                                                             03/10/2013 18:21:06 PAGE 1   


C51 COMPILER V9.51, COMPILATION OF MODULE PART2_2_1
OBJECT MODULE PLACED IN PART2.2_1.OBJ
COMPILER INVOKED BY: C:\Keil\C51\BIN\C51.EXE PART2.2_1.C BROWSE DEBUG OBJECTEXTEND TABS(2)

line level    source

   1          /*Êï∞Á†ÅÁÆ°Ââç‰∏§‰ΩçÊòæÁ§∫ÂçÅËøõÂà∂Êï∞Ôºå00Ôºç59„ÄÇÊåâS2ÔºåÊï∞ÂÄº+1,Êåâs3,Êï∞ÂÄº+1,S4,ÂΩíÈõ∂,S5‰∏ÄÊ¨°,Êï∞Â
             -ÄºÊØèÁßí+1,ÂÜçÊåâS5,Êï∞ÂÄºÂÅúÊ≠¢*/
   2          #include <REGX52.H>
   3          #define uchar unsigned char
   4          #define uint unsigned int
   5          sbit key1=P3^4;
   6          sbit key2=P3^5;
   7          sbit key3=P3^6;
   8          sbit key4=P3^7;
   9          
  10          sbit dula=P2^6;
  11          sbit wela=P2^7;
  12          
  13          
  14          uchar code table[]={
  15            0x3f,0x06,0x5b,0x4f,
  16            0x66,0x6d,0x7d,0x07,
  17            0x7f,0x6f,0x77,0x7c,
  18            0x39,0x5e,0x79,0x71
  19          };
  20          
  21          uchar numt0,num;
  22          void init()
  23          {
  24   1        TMOD=0x01;
  25   1        TH0=(65536-45872)/256;
  26   1        TL0=(65536-45872)%256;
  27   1        EA=1;
  28   1        ET0=1;
  29   1      }
  30          
  31          
  32          void delayms(uint xms)
  33          {
  34   1      uint i,j;
  35   1        for (i=xms;i>0;i--)
  36   1          for (j=110;j>0;j--);
  37   1      
  38   1        
  39   1      }
  40          
  41          void display(uchar numdis) //ÊòæÁ§∫
  42          {
  43   1        
  44   1        uchar shi,ge;
  45   1        shi=numdis/10;
  46   1        ge=numdis%10;
  47   1        
  48   1        dula=1;
  49   1        P0=table[shi];
  50   1        dula=0;
  51   1        P0=0xff;
  52   1        wela=1;
  53   1        P0=0xfe; //1111 1110
  54   1        wela=0;
C51 COMPILER V9.51   PART2_2_1                                                             03/10/2013 18:21:06 PAGE 2   

  55   1        delayms(5);
  56   1        
  57   1        dula=1;
  58   1        P0=table[ge];
  59   1        dula=0;
  60   1        P0=0xff;
  61   1        wela=1;
  62   1        P0=0xfd;
  63   1        wela=1;
  64   1        delayms(5);
  65   1      
  66   1      }
  67          
  68          
  69          
  70          
  71          
  72          
  73          void keyscan()
  74          {
  75   1        if (key1==0)
  76   1        {
  77   2          delayms(10);
  78   2          if (key1==0)
  79   2          {
  80   3            num++;
  81   3            if (num==60)
  82   3              num=0;
  83   3            while(!key1);
  84   3          }
  85   2          
  86   2      }
  87   1      if (key2==0)
  88   1      {
  89   2        delayms(10);
  90   2        if (key2==0)
  91   2        {
  92   3          if (num==0)
  93   3            num=60;
  94   3          num--;
  95   3          while(!key2);
  96   3        }
  97   2      }
  98   1      
  99   1      if (key3==0)
 100   1      {
 101   2        delayms(10);
 102   2        if (key3==0)
 103   2        {
 104   3          
 105   3            num=0;
 106   3          
 107   3          while(!key3);
 108   3        }
 109   2      }
 110   1      
 111   1      if (key4==0)
 112   1      {
 113   2        delayms(10);
 114   2        if (key4==0)
 115   2        {
 116   3          
C51 COMPILER V9.51   PART2_2_1                                                             03/10/2013 18:21:06 PAGE 3   

 117   3          while(!key4);
 118   3          TR0=~TR0;
 119   3        }
 120   2      }
 121   1      
 122   1      
 123   1      }
 124          
 125          void main()
 126          {
 127   1        init();
 128   1        while (1)
 129   1        {
 130   2          keyscan();
 131   2          display(num);
 132   2        }
 133   1          
 134   1      
 135   1      }
 136          
 137          void T0_time() interrupt 1
 138          {
 139   1        TH0=(65536-45872)/256;
 140   1        TL0=(65536-45872)%256;
 141   1        numt0++;
 142   1        if (numt0==20)
 143   1        {
 144   2          numt0=0;
 145   2          num++;
 146   2          if (num==60);
 147   2          num=0;
 148   2      }
 149   1        
 150   1      }
 151          
 152          
 153          
 154          


MODULE INFORMATION:   STATIC OVERLAYABLE
   CODE SIZE        =    234    ----
   CONSTANT SIZE    =     16    ----
   XDATA SIZE       =   ----    ----
   PDATA SIZE       =   ----    ----
   DATA SIZE        =      2    ----
   IDATA SIZE       =   ----    ----
   BIT SIZE         =   ----    ----
END OF MODULE INFORMATION.


C51 COMPILATION COMPLETE.  0 WARNING(S),  0 ERROR(S)
