C51 COMPILER V9.51   PART2_1                                                               03/03/2013 19:45:56 PAGE 1   


C51 COMPILER V9.51, COMPILATION OF MODULE PART2_1
OBJECT MODULE PLACED IN part2_1.OBJ
COMPILER INVOKED BY: C:\Keil\C51\BIN\C51.EXE part2_1.c BROWSE DEBUG OBJECTEXTEND TABS(2)

line level    source

   1          #include <reg52.h>
   2          sbit led1=P1^0;
   3          void main()
   4          {
   5   1        led1=0;
   6   1      }


MODULE INFORMATION:   STATIC OVERLAYABLE
   CODE SIZE        =      3    ----
   CONSTANT SIZE    =   ----    ----
   XDATA SIZE       =   ----    ----
   PDATA SIZE       =   ----    ----
   DATA SIZE        =   ----    ----
   IDATA SIZE       =   ----    ----
   BIT SIZE         =   ----    ----
END OF MODULE INFORMATION.


C51 COMPILATION COMPLETE.  0 WARNING(S),  0 ERROR(S)
